<?xml version="1.0" encoding="UTF-8"?>
<!-- Generated by org.testng.reporters.JUnitXMLReporter -->
<testsuite ignored="0" hostname="DESKTOP-V1FUETE" failures="0" tests="12" name="Test" time="212.673" errors="0" timestamp="2021-11-16T22:33:20 IST">
  <testcase classname="com.mindtree.runner.BigSmall" name="homePageLanding" time="33.328"/>
  <testcase classname="com.mindtree.runner.BigSmall" name="signInTesting" time="15.48"/>
  <testcase classname="com.mindtree.runner.BigSmall" name="signInTesting" time="9.073"/>
  <testcase classname="com.mindtree.runner.BigSmall" name="signInTesting" time="8.208"/>
  <testcase classname="com.mindtree.runner.BigSmall" name="PersonalizedGift" time="14.503"/>
  <testcase classname="com.mindtree.runner.BigSmall" name="searchProduct" time="14.629"/>
  <testcase classname="com.mindtree.runner.BigSmall" name="Christmasgift" time="41.325"/>
  <testcase classname="com.mindtree.runner.BigSmall" name="ShopbyCategory" time="35.96"/>
  <testcase classname="com.mindtree.runner.BigSmall" name="AllofIt" time="8.186"/>
  <testcase classname="com.mindtree.runner.BigSmall" name="Wishlist" time="9.154"/>
  <testcase classname="com.mindtree.runner.BigSmall" name="AboutUs" time="4.53"/>
  <testcase classname="com.mindtree.runner.BigSmall" name="GiftCard" time="7.041"/>
</testsuite> <!-- Test -->
