<?xml version="1.0" encoding="UTF-8"?>
<!-- Generated by org.testng.reporters.JUnitXMLReporter -->
<testsuite ignored="0" hostname="DESKTOP-V1FUETE" failures="0" tests="13" name="Default test" time="174.393" errors="0" timestamp="2021-11-22T10:14:33 IST">
  <testcase classname="com.mindtree.runner.BigSmall" name="homePageLanding" time="18.111"/>
  <testcase classname="com.mindtree.runner.BigSmall" name="signInTesting" time="12.356"/>
  <testcase classname="com.mindtree.runner.BigSmall" name="signInTesting" time="11.982"/>
  <testcase classname="com.mindtree.runner.BigSmall" name="signInTesting" time="8.614"/>
  <testcase classname="com.mindtree.runner.BigSmall" name="PersonalizedGift" time="9.77"/>
  <testcase classname="com.mindtree.runner.BigSmall" name="searchProduct" time="10.38"/>
  <testcase classname="com.mindtree.runner.BigSmall" name="Christmasgift" time="46.193"/>
  <testcase classname="com.mindtree.runner.BigSmall" name="ShopbyCategory" time="14.835"/>
  <testcase classname="com.mindtree.runner.BigSmall" name="AllofIt" time="8.176"/>
  <testcase classname="com.mindtree.runner.BigSmall" name="Wishlist" time="9.925"/>
  <testcase classname="com.mindtree.runner.BigSmall" name="AboutUs" time="6.479"/>
  <testcase classname="com.mindtree.runner.BigSmall" name="GiftCard" time="9.171"/>
  <testcase classname="com.mindtree.runner.BigSmall" name="ContactUsPage" time="7.922"/>
</testsuite> <!-- Default test -->
